<?xml version="1.0" encoding="UTF-8"?>
<coverage generated="1568762109386" clover="3.2.0">
  <project timestamp="1568762109386" name="All files">
    <metrics statements="21" coveredstatements="20" conditionals="8" coveredconditionals="7" methods="3" coveredmethods="3" elements="32" coveredelements="30" complexity="0" loc="21" ncloc="21" packages="1" files="1" classes="1"/>
    <file name="route.js" path="E:\PROYECTOS DE LABORATORIA\proyecto_4\LIM010-fe-md-links\src\route.js">
      <metrics statements="21" coveredstatements="20" conditionals="8" coveredconditionals="7" methods="3" coveredmethods="3"/>
      <line num="5" count="1" type="stmt"/>
      <line num="6" count="7" type="cond" truecount="1" falsecount="1"/>
      <line num="7" count="0" type="stmt"/>
      <line num="9" count="7" type="stmt"/>
      <line num="12" count="1" type="stmt"/>
      <line num="13" count="7" type="cond" truecount="2" falsecount="0"/>
      <line num="14" count="4" type="stmt"/>
      <line num="16" count="3" type="stmt"/>
      <line num="19" count="1" type="stmt"/>
      <line num="20" count="6" type="stmt"/>
      <line num="21" count="6" type="stmt"/>
      <line num="22" count="6" type="cond" truecount="2" falsecount="0"/>
      <line num="24" count="4" type="cond" truecount="2" falsecount="0"/>
      <line num="25" count="2" type="stmt"/>
      <line num="27" count="4" type="stmt"/>
      <line num="29" count="2" type="stmt"/>
      <line num="30" count="2" type="stmt"/>
      <line num="31" count="4" type="stmt"/>
      <line num="32" count="4" type="stmt"/>
      <line num="34" count="2" type="stmt"/>
      <line num="39" count="1" type="stmt"/>
    </file>
  </project>
</coverage>
