<?xml version="1.0" encoding="UTF-8"?>
<coverage generated="1570060015544" clover="3.2.0">
  <project timestamp="1570060015545" name="All files">
    <metrics statements="75" coveredstatements="73" conditionals="36" coveredconditionals="34" methods="22" coveredmethods="22" elements="133" coveredelements="129" complexity="0" loc="75" ncloc="75" packages="1" files="5" classes="5"/>
    <file name="link.js" path="E:\PROYECT_DE_LAB\proyecto_4\LIM010-fe-md-links\src\link.js">
      <metrics statements="15" coveredstatements="15" conditionals="4" coveredconditionals="4" methods="5" coveredmethods="5"/>
      <line num="8" count="3" type="stmt"/>
      <line num="9" count="6" type="stmt"/>
      <line num="10" count="18" type="stmt"/>
      <line num="11" count="18" type="stmt"/>
      <line num="12" count="18" type="stmt"/>
      <line num="14" count="12" type="cond" truecount="4" falsecount="0"/>
      <line num="15" count="6" type="stmt"/>
      <line num="16" count="6" type="stmt"/>
      <line num="18" count="6" type="stmt"/>
      <line num="19" count="6" type="stmt"/>
      <line num="21" count="12" type="stmt"/>
      <line num="24" count="6" type="stmt"/>
      <line num="25" count="6" type="stmt"/>
      <line num="26" count="6" type="stmt"/>
      <line num="29" count="6" type="stmt"/>
    </file>
    <file name="md-links.js" path="E:\PROYECT_DE_LAB\proyecto_4\LIM010-fe-md-links\src\md-links.js">
      <metrics statements="6" coveredstatements="6" conditionals="4" coveredconditionals="4" methods="2" coveredmethods="2"/>
      <line num="7" count="7" type="stmt"/>
      <line num="8" count="7" type="cond" truecount="2" falsecount="0"/>
      <line num="9" count="6" type="cond" truecount="2" falsecount="0"/>
      <line num="10" count="5" type="stmt"/>
      <line num="12" count="1" type="stmt"/>
      <line num="16" count="1" type="stmt"/>
    </file>
    <file name="mdLinkCli.js" path="E:\PROYECT_DE_LAB\proyecto_4\LIM010-fe-md-links\src\mdLinkCli.js">
      <metrics statements="13" coveredstatements="11" conditionals="18" coveredconditionals="16" methods="5" coveredmethods="5"/>
      <line num="5" count="4" type="stmt"/>
      <line num="6" count="4" type="stmt"/>
      <line num="8" count="4" type="cond" truecount="5" falsecount="0"/>
      <line num="9" count="3" type="stmt"/>
      <line num="10" count="1" type="stmt"/>
      <line num="11" count="3" type="cond" truecount="4" falsecount="1"/>
      <line num="12" count="0" type="stmt"/>
      <line num="13" count="3" type="cond" truecount="4" falsecount="0"/>
      <line num="14" count="6" type="stmt"/>
      <line num="15" count="2" type="stmt"/>
      <line num="16" count="1" type="cond" truecount="3" falsecount="1"/>
      <line num="17" count="1" type="stmt"/>
      <line num="19" count="0" type="stmt"/>
    </file>
    <file name="route.js" path="E:\PROYECT_DE_LAB\proyecto_4\LIM010-fe-md-links\src\route.js">
      <metrics statements="30" coveredstatements="30" conditionals="8" coveredconditionals="8" methods="6" coveredmethods="6"/>
      <line num="7" count="4" type="stmt"/>
      <line num="8" count="35" type="cond" truecount="2" falsecount="0"/>
      <line num="9" count="1" type="stmt"/>
      <line num="10" count="1" type="stmt"/>
      <line num="12" count="34" type="stmt"/>
      <line num="14" count="4" type="stmt"/>
      <line num="15" count="36" type="cond" truecount="2" falsecount="0"/>
      <line num="16" count="24" type="stmt"/>
      <line num="18" count="12" type="stmt"/>
      <line num="21" count="4" type="stmt"/>
      <line num="22" count="34" type="stmt"/>
      <line num="23" count="34" type="stmt"/>
      <line num="24" count="34" type="cond" truecount="2" falsecount="0"/>
      <line num="25" count="23" type="cond" truecount="2" falsecount="0"/>
      <line num="26" count="12" type="stmt"/>
      <line num="29" count="11" type="stmt"/>
      <line num="30" count="11" type="stmt"/>
      <line num="31" count="25" type="stmt"/>
      <line num="32" count="25" type="stmt"/>
      <line num="35" count="34" type="stmt"/>
      <line num="38" count="4" type="stmt"/>
      <line num="39" count="8" type="stmt"/>
      <line num="40" count="8" type="stmt"/>
      <line num="41" count="8" type="stmt"/>
      <line num="42" count="8" type="stmt"/>
      <line num="43" count="8" type="stmt"/>
      <line num="44" count="8" type="stmt"/>
      <line num="45" count="24" type="stmt"/>
      <line num="51" count="8" type="stmt"/>
      <line num="53" count="8" type="stmt"/>
    </file>
    <file name="stats.js" path="E:\PROYECT_DE_LAB\proyecto_4\LIM010-fe-md-links\src\stats.js">
      <metrics statements="11" coveredstatements="11" conditionals="2" coveredconditionals="2" methods="4" coveredmethods="4"/>
      <line num="2" count="2" type="stmt"/>
      <line num="3" count="2" type="stmt"/>
      <line num="4" count="7" type="stmt"/>
      <line num="6" count="2" type="stmt"/>
      <line num="8" count="2" type="stmt"/>
      <line num="9" count="1" type="stmt"/>
      <line num="10" count="1" type="stmt"/>
      <line num="11" count="4" type="cond" truecount="2" falsecount="0"/>
      <line num="12" count="1" type="stmt"/>
      <line num="14" count="4" type="stmt"/>
      <line num="16" count="1" type="stmt"/>
    </file>
  </project>
</coverage>
