{"E:\\PROYECT_DE_LAB\\proyecto_4\\LIM010-fe-md-links\\src\\link.js": {"path":"E:\\PROYECT_DE_LAB\\proyecto_4\\LIM010-fe-md-links\\src\\link.js","statementMap":{"0":{"start":{"line":8,"column":29},"end":{"line":30,"column":1}},"1":{"start":{"line":9,"column":21},"end":{"line":9,"column":36}},"2":{"start":{"line":10,"column":24},"end":{"line":28,"column":5}},"3":{"start":{"line":10,"column":52},"end":{"line":28,"column":4}},"4":{"start":{"line":11,"column":20},"end":{"line":11,"column":34}},"5":{"start":{"line":12,"column":4},"end":{"line":27,"column":9}},"6":{"start":{"line":14,"column":8},"end":{"line":20,"column":9}},"7":{"start":{"line":15,"column":10},"end":{"line":15,"column":38}},"8":{"start":{"line":16,"column":10},"end":{"line":16,"column":46}},"9":{"start":{"line":18,"column":10},"end":{"line":18,"column":38}},"10":{"start":{"line":19,"column":10},"end":{"line":19,"column":38}},"11":{"start":{"line":21,"column":8},"end":{"line":21,"column":25}},"12":{"start":{"line":24,"column":8},"end":{"line":24,"column":37}},"13":{"start":{"line":25,"column":8},"end":{"line":25,"column":36}},"14":{"start":{"line":26,"column":8},"end":{"line":26,"column":25}},"15":{"start":{"line":29,"column":2},"end":{"line":29,"column":36}}},"fnMap":{"0":{"name":"(anonymous_0)","decl":{"start":{"line":8,"column":29},"end":{"line":8,"column":30}},"loc":{"start":{"line":8,"column":39},"end":{"line":30,"column":1}},"line":8},"1":{"name":"(anonymous_1)","decl":{"start":{"line":10,"column":39},"end":{"line":10,"column":40}},"loc":{"start":{"line":10,"column":52},"end":{"line":28,"column":4}},"line":10},"2":{"name":"(anonymous_2)","decl":{"start":{"line":10,"column":64},"end":{"line":10,"column":65}},"loc":{"start":{"line":10,"column":77},"end":{"line":28,"column":3}},"line":10},"3":{"name":"(anonymous_3)","decl":{"start":{"line":13,"column":12},"end":{"line":13,"column":13}},"loc":{"start":{"line":13,"column":21},"end":{"line":22,"column":7}},"line":13},"4":{"name":"(anonymous_4)","decl":{"start":{"line":23,"column":13},"end":{"line":23,"column":14}},"loc":{"start":{"line":23,"column":19},"end":{"line":27,"column":7}},"line":23}},"branchMap":{"0":{"loc":{"start":{"line":14,"column":8},"end":{"line":20,"column":9}},"type":"if","locations":[{"start":{"line":14,"column":8},"end":{"line":20,"column":9}},{"start":{"line":14,"column":8},"end":{"line":20,"column":9}}],"line":14},"1":{"loc":{"start":{"line":14,"column":12},"end":{"line":14,"column":49}},"type":"binary-expr","locations":[{"start":{"line":14,"column":12},"end":{"line":14,"column":29}},{"start":{"line":14,"column":33},"end":{"line":14,"column":49}}],"line":14}},"s":{"0":2,"1":2,"2":2,"3":6,"4":6,"5":6,"6":4,"7":2,"8":2,"9":2,"10":2,"11":4,"12":2,"13":2,"14":2,"15":2},"f":{"0":2,"1":6,"2":6,"3":4,"4":2},"b":{"0":[2,2],"1":[4,4]},"_coverageSchema":"43e27e138ebf9cfc5966b082cf9a028302ed4184","hash":"c64d08c013b264ae5a6a24a9b7a3575e3680e3c0"}
,"E:\\PROYECT_DE_LAB\\proyecto_4\\LIM010-fe-md-links\\src\\md-links.js": {"path":"E:\\PROYECT_DE_LAB\\proyecto_4\\LIM010-fe-md-links\\src\\md-links.js","statementMap":{"0":{"start":{"line":7,"column":16},"end":{"line":17,"column":2}},"1":{"start":{"line":7,"column":35},"end":{"line":17,"column":2}},"2":{"start":{"line":8,"column":2},"end":{"line":16,"column":3}},"3":{"start":{"line":9,"column":4},"end":{"line":13,"column":5}},"4":{"start":{"line":10,"column":6},"end":{"line":10,"column":35}},"5":{"start":{"line":12,"column":6},"end":{"line":12,"column":31}},"6":{"start":{"line":15,"column":4},"end":{"line":15,"column":40}}},"fnMap":{"0":{"name":"(anonymous_0)","decl":{"start":{"line":7,"column":16},"end":{"line":7,"column":17}},"loc":{"start":{"line":7,"column":35},"end":{"line":17,"column":2}},"line":7},"1":{"name":"(anonymous_1)","decl":{"start":{"line":7,"column":47},"end":{"line":7,"column":48}},"loc":{"start":{"line":7,"column":68},"end":{"line":17,"column":1}},"line":7}},"branchMap":{"0":{"loc":{"start":{"line":8,"column":2},"end":{"line":16,"column":3}},"type":"if","locations":[{"start":{"line":8,"column":2},"end":{"line":16,"column":3}},{"start":{"line":8,"column":2},"end":{"line":16,"column":3}}],"line":8},"1":{"loc":{"start":{"line":9,"column":4},"end":{"line":13,"column":5}},"type":"if","locations":[{"start":{"line":9,"column":4},"end":{"line":13,"column":5}},{"start":{"line":9,"column":4},"end":{"line":13,"column":5}}],"line":9}},"s":{"0":1,"1":3,"2":3,"3":2,"4":1,"5":1,"6":1},"f":{"0":3,"1":3},"b":{"0":[2,1],"1":[1,1]},"_coverageSchema":"43e27e138ebf9cfc5966b082cf9a028302ed4184","hash":"3b7136447184528669c16526d66208de9d0564fc"}
,"E:\\PROYECT_DE_LAB\\proyecto_4\\LIM010-fe-md-links\\src\\route.js": {"path":"E:\\PROYECT_DE_LAB\\proyecto_4\\LIM010-fe-md-links\\src\\route.js","statementMap":{"0":{"start":{"line":7,"column":21},"end":{"line":13,"column":1}},"1":{"start":{"line":8,"column":2},"end":{"line":11,"column":3}},"2":{"start":{"line":9,"column":18},"end":{"line":9,"column":37}},"3":{"start":{"line":10,"column":4},"end":{"line":10,"column":17}},"4":{"start":{"line":12,"column":2},"end":{"line":12,"column":15}},"5":{"start":{"line":14,"column":20},"end":{"line":19,"column":1}},"6":{"start":{"line":15,"column":2},"end":{"line":17,"column":3}},"7":{"start":{"line":16,"column":4},"end":{"line":16,"column":16}},"8":{"start":{"line":18,"column":2},"end":{"line":18,"column":15}},"9":{"start":{"line":21,"column":31},"end":{"line":36,"column":1}},"10":{"start":{"line":22,"column":14},"end":{"line":22,"column":16}},"11":{"start":{"line":23,"column":20},"end":{"line":23,"column":38}},"12":{"start":{"line":24,"column":2},"end":{"line":34,"column":3}},"13":{"start":{"line":25,"column":4},"end":{"line":27,"column":5}},"14":{"start":{"line":26,"column":6},"end":{"line":26,"column":28}},"15":{"start":{"line":29,"column":17},"end":{"line":29,"column":42}},"16":{"start":{"line":30,"column":4},"end":{"line":33,"column":5}},"17":{"start":{"line":30,"column":17},"end":{"line":30,"column":18}},"18":{"start":{"line":31,"column":21},"end":{"line":31,"column":50}},"19":{"start":{"line":32,"column":6},"end":{"line":32,"column":58}},"20":{"start":{"line":35,"column":2},"end":{"line":35,"column":15}},"21":{"start":{"line":38,"column":18},"end":{"line":54,"column":1}},"22":{"start":{"line":39,"column":16},"end":{"line":39,"column":18}},"23":{"start":{"line":40,"column":15},"end":{"line":40,"column":36}},"24":{"start":{"line":41,"column":15},"end":{"line":41,"column":43}},"25":{"start":{"line":42,"column":2},"end":{"line":52,"column":5}},"26":{"start":{"line":43,"column":19},"end":{"line":43,"column":50}},"27":{"start":{"line":44,"column":4},"end":{"line":50,"column":6}},"28":{"start":{"line":45,"column":6},"end":{"line":49,"column":9}},"29":{"start":{"line":51,"column":4},"end":{"line":51,"column":39}},"30":{"start":{"line":53,"column":2},"end":{"line":53,"column":15}}},"fnMap":{"0":{"name":"(anonymous_0)","decl":{"start":{"line":7,"column":21},"end":{"line":7,"column":22}},"loc":{"start":{"line":7,"column":32},"end":{"line":13,"column":1}},"line":7},"1":{"name":"(anonymous_1)","decl":{"start":{"line":14,"column":20},"end":{"line":14,"column":21}},"loc":{"start":{"line":14,"column":30},"end":{"line":19,"column":1}},"line":14},"2":{"name":"(anonymous_2)","decl":{"start":{"line":21,"column":31},"end":{"line":21,"column":32}},"loc":{"start":{"line":21,"column":41},"end":{"line":36,"column":1}},"line":21},"3":{"name":"(anonymous_3)","decl":{"start":{"line":38,"column":18},"end":{"line":38,"column":19}},"loc":{"start":{"line":38,"column":29},"end":{"line":54,"column":1}},"line":38},"4":{"name":"(anonymous_4)","decl":{"start":{"line":42,"column":15},"end":{"line":42,"column":16}},"loc":{"start":{"line":42,"column":24},"end":{"line":52,"column":3}},"line":42},"5":{"name":"(anonymous_5)","decl":{"start":{"line":44,"column":16},"end":{"line":44,"column":17}},"loc":{"start":{"line":44,"column":41},"end":{"line":50,"column":5}},"line":44}},"branchMap":{"0":{"loc":{"start":{"line":8,"column":2},"end":{"line":11,"column":3}},"type":"if","locations":[{"start":{"line":8,"column":2},"end":{"line":11,"column":3}},{"start":{"line":8,"column":2},"end":{"line":11,"column":3}}],"line":8},"1":{"loc":{"start":{"line":15,"column":2},"end":{"line":17,"column":3}},"type":"if","locations":[{"start":{"line":15,"column":2},"end":{"line":17,"column":3}},{"start":{"line":15,"column":2},"end":{"line":17,"column":3}}],"line":15},"2":{"loc":{"start":{"line":24,"column":2},"end":{"line":34,"column":3}},"type":"if","locations":[{"start":{"line":24,"column":2},"end":{"line":34,"column":3}},{"start":{"line":24,"column":2},"end":{"line":34,"column":3}}],"line":24},"3":{"loc":{"start":{"line":25,"column":4},"end":{"line":27,"column":5}},"type":"if","locations":[{"start":{"line":25,"column":4},"end":{"line":27,"column":5}},{"start":{"line":25,"column":4},"end":{"line":27,"column":5}}],"line":25}},"s":{"0":3,"1":23,"2":1,"3":1,"4":22,"5":3,"6":24,"7":16,"8":8,"9":3,"10":22,"11":22,"12":22,"13":15,"14":8,"15":7,"16":7,"17":7,"18":17,"19":17,"20":22,"21":3,"22":4,"23":4,"24":4,"25":4,"26":4,"27":4,"28":12,"29":4,"30":4},"f":{"0":23,"1":24,"2":22,"3":4,"4":4,"5":12},"b":{"0":[1,22],"1":[16,8],"2":[15,7],"3":[8,7]},"_coverageSchema":"43e27e138ebf9cfc5966b082cf9a028302ed4184","hash":"4113b52907b18bac8442d59edeefc6b62daf5f16"}
,"E:\\PROYECT_DE_LAB\\proyecto_4\\LIM010-fe-md-links\\src\\stats.js": {"path":"E:\\PROYECT_DE_LAB\\proyecto_4\\LIM010-fe-md-links\\src\\stats.js","statementMap":{"0":{"start":{"line":7,"column":12},"end":{"line":42,"column":1}},"1":{"start":{"line":43,"column":21},"end":{"line":48,"column":1}},"2":{"start":{"line":44,"column":22},"end":{"line":46,"column":4}},"3":{"start":{"line":45,"column":4},"end":{"line":45,"column":24}},"4":{"start":{"line":47,"column":2},"end":{"line":47,"column":79}},"5":{"start":{"line":49,"column":29},"end":{"line":58,"column":1}},"6":{"start":{"line":50,"column":18},"end":{"line":50,"column":20}},"7":{"start":{"line":51,"column":22},"end":{"line":56,"column":4}},"8":{"start":{"line":52,"column":4},"end":{"line":54,"column":5}},"9":{"start":{"line":53,"column":6},"end":{"line":53,"column":39}},"10":{"start":{"line":55,"column":4},"end":{"line":55,"column":24}},"11":{"start":{"line":57,"column":2},"end":{"line":57,"column":105}}},"fnMap":{"0":{"name":"(anonymous_0)","decl":{"start":{"line":43,"column":21},"end":{"line":43,"column":22}},"loc":{"start":{"line":43,"column":38},"end":{"line":48,"column":1}},"line":43},"1":{"name":"(anonymous_1)","decl":{"start":{"line":44,"column":38},"end":{"line":44,"column":39}},"loc":{"start":{"line":44,"column":51},"end":{"line":46,"column":3}},"line":44},"2":{"name":"(anonymous_2)","decl":{"start":{"line":49,"column":29},"end":{"line":49,"column":30}},"loc":{"start":{"line":49,"column":46},"end":{"line":58,"column":1}},"line":49},"3":{"name":"(anonymous_3)","decl":{"start":{"line":51,"column":38},"end":{"line":51,"column":39}},"loc":{"start":{"line":51,"column":51},"end":{"line":56,"column":3}},"line":51}},"branchMap":{"0":{"loc":{"start":{"line":52,"column":4},"end":{"line":54,"column":5}},"type":"if","locations":[{"start":{"line":52,"column":4},"end":{"line":54,"column":5}},{"start":{"line":52,"column":4},"end":{"line":54,"column":5}}],"line":52}},"s":{"0":1,"1":1,"2":1,"3":4,"4":1,"5":1,"6":1,"7":1,"8":4,"9":1,"10":4,"11":1},"f":{"0":1,"1":4,"2":1,"3":4},"b":{"0":[1,3]},"_coverageSchema":"43e27e138ebf9cfc5966b082cf9a028302ed4184","hash":"99ff8c5a4d15ae28d5de874b15cbda3852008dc2"}
}
