{"E:\\PROYECT_DE_LAB\\proyecto_4\\LIM010-fe-md-links\\src\\link.js": {"path":"E:\\PROYECT_DE_LAB\\proyecto_4\\LIM010-fe-md-links\\src\\link.js","statementMap":{"0":{"start":{"line":8,"column":29},"end":{"line":30,"column":1}},"1":{"start":{"line":9,"column":21},"end":{"line":9,"column":36}},"2":{"start":{"line":10,"column":24},"end":{"line":28,"column":5}},"3":{"start":{"line":10,"column":52},"end":{"line":28,"column":4}},"4":{"start":{"line":11,"column":20},"end":{"line":11,"column":34}},"5":{"start":{"line":12,"column":4},"end":{"line":27,"column":9}},"6":{"start":{"line":14,"column":8},"end":{"line":20,"column":9}},"7":{"start":{"line":15,"column":10},"end":{"line":15,"column":38}},"8":{"start":{"line":16,"column":10},"end":{"line":16,"column":46}},"9":{"start":{"line":18,"column":10},"end":{"line":18,"column":38}},"10":{"start":{"line":19,"column":10},"end":{"line":19,"column":38}},"11":{"start":{"line":21,"column":8},"end":{"line":21,"column":25}},"12":{"start":{"line":24,"column":8},"end":{"line":24,"column":37}},"13":{"start":{"line":25,"column":8},"end":{"line":25,"column":36}},"14":{"start":{"line":26,"column":8},"end":{"line":26,"column":25}},"15":{"start":{"line":29,"column":2},"end":{"line":29,"column":36}}},"fnMap":{"0":{"name":"(anonymous_0)","decl":{"start":{"line":8,"column":29},"end":{"line":8,"column":30}},"loc":{"start":{"line":8,"column":39},"end":{"line":30,"column":1}},"line":8},"1":{"name":"(anonymous_1)","decl":{"start":{"line":10,"column":39},"end":{"line":10,"column":40}},"loc":{"start":{"line":10,"column":52},"end":{"line":28,"column":4}},"line":10},"2":{"name":"(anonymous_2)","decl":{"start":{"line":10,"column":64},"end":{"line":10,"column":65}},"loc":{"start":{"line":10,"column":77},"end":{"line":28,"column":3}},"line":10},"3":{"name":"(anonymous_3)","decl":{"start":{"line":13,"column":12},"end":{"line":13,"column":13}},"loc":{"start":{"line":13,"column":21},"end":{"line":22,"column":7}},"line":13},"4":{"name":"(anonymous_4)","decl":{"start":{"line":23,"column":13},"end":{"line":23,"column":14}},"loc":{"start":{"line":23,"column":19},"end":{"line":27,"column":7}},"line":23}},"branchMap":{"0":{"loc":{"start":{"line":14,"column":8},"end":{"line":20,"column":9}},"type":"if","locations":[{"start":{"line":14,"column":8},"end":{"line":20,"column":9}},{"start":{"line":14,"column":8},"end":{"line":20,"column":9}}],"line":14},"1":{"loc":{"start":{"line":14,"column":12},"end":{"line":14,"column":49}},"type":"binary-expr","locations":[{"start":{"line":14,"column":12},"end":{"line":14,"column":29}},{"start":{"line":14,"column":33},"end":{"line":14,"column":49}}],"line":14}},"s":{"0":3,"1":6,"2":6,"3":18,"4":18,"5":18,"6":12,"7":6,"8":6,"9":6,"10":6,"11":12,"12":6,"13":6,"14":6,"15":6},"f":{"0":6,"1":18,"2":18,"3":12,"4":6},"b":{"0":[6,6],"1":[12,12]},"_coverageSchema":"43e27e138ebf9cfc5966b082cf9a028302ed4184","hash":"c64d08c013b264ae5a6a24a9b7a3575e3680e3c0"}
,"E:\\PROYECT_DE_LAB\\proyecto_4\\LIM010-fe-md-links\\src\\md-links.js": {"path":"E:\\PROYECT_DE_LAB\\proyecto_4\\LIM010-fe-md-links\\src\\md-links.js","statementMap":{"0":{"start":{"line":7,"column":16},"end":{"line":18,"column":2}},"1":{"start":{"line":7,"column":35},"end":{"line":18,"column":2}},"2":{"start":{"line":8,"column":2},"end":{"line":17,"column":3}},"3":{"start":{"line":9,"column":2},"end":{"line":13,"column":3}},"4":{"start":{"line":10,"column":4},"end":{"line":10,"column":33}},"5":{"start":{"line":12,"column":4},"end":{"line":12,"column":29}},"6":{"start":{"line":16,"column":4},"end":{"line":16,"column":40}}},"fnMap":{"0":{"name":"(anonymous_0)","decl":{"start":{"line":7,"column":16},"end":{"line":7,"column":17}},"loc":{"start":{"line":7,"column":35},"end":{"line":18,"column":2}},"line":7},"1":{"name":"(anonymous_1)","decl":{"start":{"line":7,"column":47},"end":{"line":7,"column":48}},"loc":{"start":{"line":7,"column":67},"end":{"line":18,"column":1}},"line":7}},"branchMap":{"0":{"loc":{"start":{"line":8,"column":2},"end":{"line":17,"column":3}},"type":"if","locations":[{"start":{"line":8,"column":2},"end":{"line":17,"column":3}},{"start":{"line":8,"column":2},"end":{"line":17,"column":3}}],"line":8},"1":{"loc":{"start":{"line":9,"column":2},"end":{"line":13,"column":3}},"type":"if","locations":[{"start":{"line":9,"column":2},"end":{"line":13,"column":3}},{"start":{"line":9,"column":2},"end":{"line":13,"column":3}}],"line":9}},"s":{"0":2,"1":7,"2":7,"3":6,"4":5,"5":1,"6":1},"f":{"0":7,"1":7},"b":{"0":[6,1],"1":[5,1]},"_coverageSchema":"43e27e138ebf9cfc5966b082cf9a028302ed4184","hash":"74a409971919de8efdcaaa164f028be244ad7163"}
,"E:\\PROYECT_DE_LAB\\proyecto_4\\LIM010-fe-md-links\\src\\mdLinkCli.js": {"path":"E:\\PROYECT_DE_LAB\\proyecto_4\\LIM010-fe-md-links\\src\\mdLinkCli.js","statementMap":{"0":{"start":{"line":5,"column":19},"end":{"line":25,"column":2}},"1":{"start":{"line":5,"column":38},"end":{"line":25,"column":2}},"2":{"start":{"line":6,"column":2},"end":{"line":21,"column":6}},"3":{"start":{"line":8,"column":6},"end":{"line":20,"column":7}},"4":{"start":{"line":9,"column":23},"end":{"line":9,"column":94}},"5":{"start":{"line":9,"column":44},"end":{"line":9,"column":93}},"6":{"start":{"line":10,"column":8},"end":{"line":10,"column":35}},"7":{"start":{"line":11,"column":13},"end":{"line":20,"column":7}},"8":{"start":{"line":12,"column":8},"end":{"line":12,"column":36}},"9":{"start":{"line":13,"column":13},"end":{"line":20,"column":7}},"10":{"start":{"line":14,"column":24},"end":{"line":14,"column":136}},"11":{"start":{"line":14,"column":45},"end":{"line":14,"column":135}},"12":{"start":{"line":15,"column":8},"end":{"line":15,"column":36}},"13":{"start":{"line":16,"column":13},"end":{"line":20,"column":7}},"14":{"start":{"line":17,"column":7},"end":{"line":17,"column":27}},"15":{"start":{"line":19,"column":8},"end":{"line":19,"column":32}}},"fnMap":{"0":{"name":"(anonymous_0)","decl":{"start":{"line":5,"column":19},"end":{"line":5,"column":20}},"loc":{"start":{"line":5,"column":38},"end":{"line":25,"column":2}},"line":5},"1":{"name":"(anonymous_1)","decl":{"start":{"line":5,"column":50},"end":{"line":5,"column":51}},"loc":{"start":{"line":5,"column":63},"end":{"line":25,"column":1}},"line":5},"2":{"name":"(anonymous_2)","decl":{"start":{"line":7,"column":10},"end":{"line":7,"column":11}},"loc":{"start":{"line":7,"column":19},"end":{"line":21,"column":5}},"line":7},"3":{"name":"(anonymous_3)","decl":{"start":{"line":9,"column":31},"end":{"line":9,"column":32}},"loc":{"start":{"line":9,"column":44},"end":{"line":9,"column":93}},"line":9},"4":{"name":"(anonymous_4)","decl":{"start":{"line":14,"column":32},"end":{"line":14,"column":33}},"loc":{"start":{"line":14,"column":45},"end":{"line":14,"column":135}},"line":14}},"branchMap":{"0":{"loc":{"start":{"line":8,"column":6},"end":{"line":20,"column":7}},"type":"if","locations":[{"start":{"line":8,"column":6},"end":{"line":20,"column":7}},{"start":{"line":8,"column":6},"end":{"line":20,"column":7}}],"line":8},"1":{"loc":{"start":{"line":8,"column":10},"end":{"line":8,"column":87}},"type":"binary-expr","locations":[{"start":{"line":8,"column":10},"end":{"line":8,"column":28}},{"start":{"line":8,"column":32},"end":{"line":8,"column":57}},{"start":{"line":8,"column":61},"end":{"line":8,"column":87}}],"line":8},"2":{"loc":{"start":{"line":11,"column":13},"end":{"line":20,"column":7}},"type":"if","locations":[{"start":{"line":11,"column":13},"end":{"line":20,"column":7}},{"start":{"line":11,"column":13},"end":{"line":20,"column":7}}],"line":11},"3":{"loc":{"start":{"line":11,"column":17},"end":{"line":11,"column":97}},"type":"binary-expr","locations":[{"start":{"line":11,"column":17},"end":{"line":11,"column":35}},{"start":{"line":11,"column":39},"end":{"line":11,"column":64}},{"start":{"line":11,"column":68},"end":{"line":11,"column":97}}],"line":11},"4":{"loc":{"start":{"line":13,"column":13},"end":{"line":20,"column":7}},"type":"if","locations":[{"start":{"line":13,"column":13},"end":{"line":20,"column":7}},{"start":{"line":13,"column":13},"end":{"line":20,"column":7}}],"line":13},"5":{"loc":{"start":{"line":13,"column":17},"end":{"line":13,"column":66}},"type":"binary-expr","locations":[{"start":{"line":13,"column":17},"end":{"line":13,"column":35}},{"start":{"line":13,"column":39},"end":{"line":13,"column":66}}],"line":13},"6":{"loc":{"start":{"line":16,"column":13},"end":{"line":20,"column":7}},"type":"if","locations":[{"start":{"line":16,"column":13},"end":{"line":20,"column":7}},{"start":{"line":16,"column":13},"end":{"line":20,"column":7}}],"line":16},"7":{"loc":{"start":{"line":16,"column":17},"end":{"line":16,"column":64}},"type":"binary-expr","locations":[{"start":{"line":16,"column":17},"end":{"line":16,"column":35}},{"start":{"line":16,"column":39},"end":{"line":16,"column":64}}],"line":16}},"s":{"0":1,"1":4,"2":4,"3":4,"4":1,"5":3,"6":1,"7":3,"8":0,"9":3,"10":2,"11":6,"12":2,"13":1,"14":1,"15":0},"f":{"0":4,"1":4,"2":4,"3":3,"4":6},"b":{"0":[1,3],"1":[4,4,1],"2":[0,3],"3":[3,3,1],"4":[2,1],"5":[3,3],"6":[1,0],"7":[1,1]},"_coverageSchema":"43e27e138ebf9cfc5966b082cf9a028302ed4184","hash":"187c919515f463ebe19a21d1027c74fd1cb30877"}
,"E:\\PROYECT_DE_LAB\\proyecto_4\\LIM010-fe-md-links\\src\\route.js": {"path":"E:\\PROYECT_DE_LAB\\proyecto_4\\LIM010-fe-md-links\\src\\route.js","statementMap":{"0":{"start":{"line":7,"column":21},"end":{"line":13,"column":1}},"1":{"start":{"line":8,"column":2},"end":{"line":11,"column":3}},"2":{"start":{"line":9,"column":18},"end":{"line":9,"column":37}},"3":{"start":{"line":10,"column":4},"end":{"line":10,"column":17}},"4":{"start":{"line":12,"column":2},"end":{"line":12,"column":15}},"5":{"start":{"line":14,"column":20},"end":{"line":19,"column":1}},"6":{"start":{"line":15,"column":2},"end":{"line":17,"column":3}},"7":{"start":{"line":16,"column":4},"end":{"line":16,"column":16}},"8":{"start":{"line":18,"column":2},"end":{"line":18,"column":15}},"9":{"start":{"line":21,"column":31},"end":{"line":36,"column":1}},"10":{"start":{"line":22,"column":14},"end":{"line":22,"column":16}},"11":{"start":{"line":23,"column":20},"end":{"line":23,"column":38}},"12":{"start":{"line":24,"column":2},"end":{"line":34,"column":3}},"13":{"start":{"line":25,"column":4},"end":{"line":27,"column":5}},"14":{"start":{"line":26,"column":6},"end":{"line":26,"column":28}},"15":{"start":{"line":29,"column":17},"end":{"line":29,"column":42}},"16":{"start":{"line":30,"column":4},"end":{"line":33,"column":5}},"17":{"start":{"line":30,"column":17},"end":{"line":30,"column":18}},"18":{"start":{"line":31,"column":21},"end":{"line":31,"column":50}},"19":{"start":{"line":32,"column":6},"end":{"line":32,"column":58}},"20":{"start":{"line":35,"column":2},"end":{"line":35,"column":15}},"21":{"start":{"line":38,"column":18},"end":{"line":54,"column":1}},"22":{"start":{"line":39,"column":16},"end":{"line":39,"column":18}},"23":{"start":{"line":40,"column":15},"end":{"line":40,"column":36}},"24":{"start":{"line":41,"column":15},"end":{"line":41,"column":43}},"25":{"start":{"line":42,"column":2},"end":{"line":52,"column":5}},"26":{"start":{"line":43,"column":19},"end":{"line":43,"column":50}},"27":{"start":{"line":44,"column":4},"end":{"line":50,"column":6}},"28":{"start":{"line":45,"column":6},"end":{"line":49,"column":9}},"29":{"start":{"line":51,"column":4},"end":{"line":51,"column":39}},"30":{"start":{"line":53,"column":2},"end":{"line":53,"column":15}}},"fnMap":{"0":{"name":"(anonymous_0)","decl":{"start":{"line":7,"column":21},"end":{"line":7,"column":22}},"loc":{"start":{"line":7,"column":32},"end":{"line":13,"column":1}},"line":7},"1":{"name":"(anonymous_1)","decl":{"start":{"line":14,"column":20},"end":{"line":14,"column":21}},"loc":{"start":{"line":14,"column":30},"end":{"line":19,"column":1}},"line":14},"2":{"name":"(anonymous_2)","decl":{"start":{"line":21,"column":31},"end":{"line":21,"column":32}},"loc":{"start":{"line":21,"column":41},"end":{"line":36,"column":1}},"line":21},"3":{"name":"(anonymous_3)","decl":{"start":{"line":38,"column":18},"end":{"line":38,"column":19}},"loc":{"start":{"line":38,"column":29},"end":{"line":54,"column":1}},"line":38},"4":{"name":"(anonymous_4)","decl":{"start":{"line":42,"column":15},"end":{"line":42,"column":16}},"loc":{"start":{"line":42,"column":24},"end":{"line":52,"column":3}},"line":42},"5":{"name":"(anonymous_5)","decl":{"start":{"line":44,"column":16},"end":{"line":44,"column":17}},"loc":{"start":{"line":44,"column":41},"end":{"line":50,"column":5}},"line":44}},"branchMap":{"0":{"loc":{"start":{"line":8,"column":2},"end":{"line":11,"column":3}},"type":"if","locations":[{"start":{"line":8,"column":2},"end":{"line":11,"column":3}},{"start":{"line":8,"column":2},"end":{"line":11,"column":3}}],"line":8},"1":{"loc":{"start":{"line":15,"column":2},"end":{"line":17,"column":3}},"type":"if","locations":[{"start":{"line":15,"column":2},"end":{"line":17,"column":3}},{"start":{"line":15,"column":2},"end":{"line":17,"column":3}}],"line":15},"2":{"loc":{"start":{"line":24,"column":2},"end":{"line":34,"column":3}},"type":"if","locations":[{"start":{"line":24,"column":2},"end":{"line":34,"column":3}},{"start":{"line":24,"column":2},"end":{"line":34,"column":3}}],"line":24},"3":{"loc":{"start":{"line":25,"column":4},"end":{"line":27,"column":5}},"type":"if","locations":[{"start":{"line":25,"column":4},"end":{"line":27,"column":5}},{"start":{"line":25,"column":4},"end":{"line":27,"column":5}}],"line":25}},"s":{"0":4,"1":35,"2":1,"3":1,"4":34,"5":4,"6":36,"7":24,"8":12,"9":4,"10":34,"11":34,"12":34,"13":23,"14":12,"15":11,"16":11,"17":11,"18":25,"19":25,"20":34,"21":4,"22":8,"23":8,"24":8,"25":8,"26":8,"27":8,"28":24,"29":8,"30":8},"f":{"0":35,"1":36,"2":34,"3":8,"4":8,"5":24},"b":{"0":[1,34],"1":[24,12],"2":[23,11],"3":[12,11]},"_coverageSchema":"43e27e138ebf9cfc5966b082cf9a028302ed4184","hash":"4113b52907b18bac8442d59edeefc6b62daf5f16"}
,"E:\\PROYECT_DE_LAB\\proyecto_4\\LIM010-fe-md-links\\src\\stats.js": {"path":"E:\\PROYECT_DE_LAB\\proyecto_4\\LIM010-fe-md-links\\src\\stats.js","statementMap":{"0":{"start":{"line":2,"column":21},"end":{"line":7,"column":1}},"1":{"start":{"line":3,"column":22},"end":{"line":5,"column":4}},"2":{"start":{"line":4,"column":4},"end":{"line":4,"column":24}},"3":{"start":{"line":6,"column":2},"end":{"line":6,"column":79}},"4":{"start":{"line":8,"column":29},"end":{"line":17,"column":1}},"5":{"start":{"line":9,"column":18},"end":{"line":9,"column":20}},"6":{"start":{"line":10,"column":22},"end":{"line":15,"column":4}},"7":{"start":{"line":11,"column":4},"end":{"line":13,"column":5}},"8":{"start":{"line":12,"column":6},"end":{"line":12,"column":39}},"9":{"start":{"line":14,"column":4},"end":{"line":14,"column":24}},"10":{"start":{"line":16,"column":2},"end":{"line":16,"column":105}}},"fnMap":{"0":{"name":"(anonymous_0)","decl":{"start":{"line":2,"column":21},"end":{"line":2,"column":22}},"loc":{"start":{"line":2,"column":38},"end":{"line":7,"column":1}},"line":2},"1":{"name":"(anonymous_1)","decl":{"start":{"line":3,"column":38},"end":{"line":3,"column":39}},"loc":{"start":{"line":3,"column":51},"end":{"line":5,"column":3}},"line":3},"2":{"name":"(anonymous_2)","decl":{"start":{"line":8,"column":29},"end":{"line":8,"column":30}},"loc":{"start":{"line":8,"column":46},"end":{"line":17,"column":1}},"line":8},"3":{"name":"(anonymous_3)","decl":{"start":{"line":10,"column":38},"end":{"line":10,"column":39}},"loc":{"start":{"line":10,"column":51},"end":{"line":15,"column":3}},"line":10}},"branchMap":{"0":{"loc":{"start":{"line":11,"column":4},"end":{"line":13,"column":5}},"type":"if","locations":[{"start":{"line":11,"column":4},"end":{"line":13,"column":5}},{"start":{"line":11,"column":4},"end":{"line":13,"column":5}}],"line":11}},"s":{"0":2,"1":2,"2":7,"3":2,"4":2,"5":1,"6":1,"7":4,"8":1,"9":4,"10":1},"f":{"0":2,"1":7,"2":1,"3":4},"b":{"0":[1,3]},"_coverageSchema":"43e27e138ebf9cfc5966b082cf9a028302ed4184","hash":"b2bc3c546e0df7dc45bfb9b38c8a896357bc10c9"}
}
