TN:
SF:E:\PROYECT_DE_LAB\proyecto_4\LIM010-fe-md-links\src\link.js
FN:8,(anonymous_0)
FN:10,(anonymous_1)
FN:10,(anonymous_2)
FN:13,(anonymous_3)
FN:23,(anonymous_4)
FNF:5
FNH:5
FNDA:6,(anonymous_0)
FNDA:18,(anonymous_1)
FNDA:18,(anonymous_2)
FNDA:12,(anonymous_3)
FNDA:6,(anonymous_4)
DA:8,3
DA:9,6
DA:10,18
DA:11,18
DA:12,18
DA:14,12
DA:15,6
DA:16,6
DA:18,6
DA:19,6
DA:21,12
DA:24,6
DA:25,6
DA:26,6
DA:29,6
LF:15
LH:15
BRDA:14,0,0,6
BRDA:14,0,1,6
BRDA:14,1,0,12
BRDA:14,1,1,12
BRF:4
BRH:4
end_of_record
TN:
SF:E:\PROYECT_DE_LAB\proyecto_4\LIM010-fe-md-links\src\md-links.js
FN:7,(anonymous_0)
FN:7,(anonymous_1)
FNF:2
FNH:2
FNDA:7,(anonymous_0)
FNDA:7,(anonymous_1)
DA:7,7
DA:8,7
DA:9,6
DA:10,5
DA:12,1
DA:16,1
LF:6
LH:6
BRDA:8,0,0,6
BRDA:8,0,1,1
BRDA:9,1,0,5
BRDA:9,1,1,1
BRF:4
BRH:4
end_of_record
TN:
SF:E:\PROYECT_DE_LAB\proyecto_4\LIM010-fe-md-links\src\mdLinkCli.js
FN:5,(anonymous_0)
FN:5,(anonymous_1)
FN:7,(anonymous_2)
FN:9,(anonymous_3)
FN:14,(anonymous_4)
FNF:5
FNH:5
FNDA:4,(anonymous_0)
FNDA:4,(anonymous_1)
FNDA:4,(anonymous_2)
FNDA:3,(anonymous_3)
FNDA:6,(anonymous_4)
DA:5,4
DA:6,4
DA:8,4
DA:9,3
DA:10,1
DA:11,3
DA:12,0
DA:13,3
DA:14,6
DA:15,2
DA:16,1
DA:17,1
DA:19,0
LF:13
LH:11
BRDA:8,0,0,1
BRDA:8,0,1,3
BRDA:8,1,0,4
BRDA:8,1,1,4
BRDA:8,1,2,1
BRDA:11,2,0,0
BRDA:11,2,1,3
BRDA:11,3,0,3
BRDA:11,3,1,3
BRDA:11,3,2,1
BRDA:13,4,0,2
BRDA:13,4,1,1
BRDA:13,5,0,3
BRDA:13,5,1,3
BRDA:16,6,0,1
BRDA:16,6,1,0
BRDA:16,7,0,1
BRDA:16,7,1,1
BRF:18
BRH:16
end_of_record
TN:
SF:E:\PROYECT_DE_LAB\proyecto_4\LIM010-fe-md-links\src\route.js
FN:7,(anonymous_0)
FN:14,(anonymous_1)
FN:21,(anonymous_2)
FN:38,(anonymous_3)
FN:42,(anonymous_4)
FN:44,(anonymous_5)
FNF:6
FNH:6
FNDA:35,(anonymous_0)
FNDA:36,(anonymous_1)
FNDA:34,(anonymous_2)
FNDA:8,(anonymous_3)
FNDA:8,(anonymous_4)
FNDA:24,(anonymous_5)
DA:7,4
DA:8,35
DA:9,1
DA:10,1
DA:12,34
DA:14,4
DA:15,36
DA:16,24
DA:18,12
DA:21,4
DA:22,34
DA:23,34
DA:24,34
DA:25,23
DA:26,12
DA:29,11
DA:30,11
DA:31,25
DA:32,25
DA:35,34
DA:38,4
DA:39,8
DA:40,8
DA:41,8
DA:42,8
DA:43,8
DA:44,8
DA:45,24
DA:51,8
DA:53,8
LF:30
LH:30
BRDA:8,0,0,1
BRDA:8,0,1,34
BRDA:15,1,0,24
BRDA:15,1,1,12
BRDA:24,2,0,23
BRDA:24,2,1,11
BRDA:25,3,0,12
BRDA:25,3,1,11
BRF:8
BRH:8
end_of_record
TN:
SF:E:\PROYECT_DE_LAB\proyecto_4\LIM010-fe-md-links\src\stats.js
FN:2,(anonymous_0)
FN:3,(anonymous_1)
FN:8,(anonymous_2)
FN:10,(anonymous_3)
FNF:4
FNH:4
FNDA:2,(anonymous_0)
FNDA:7,(anonymous_1)
FNDA:1,(anonymous_2)
FNDA:4,(anonymous_3)
DA:2,2
DA:3,2
DA:4,7
DA:6,2
DA:8,2
DA:9,1
DA:10,1
DA:11,4
DA:12,1
DA:14,4
DA:16,1
LF:11
LH:11
BRDA:11,0,0,1
BRDA:11,0,1,3
BRF:2
BRH:2
end_of_record
