TN:
SF:E:\PROYECT_DE_LAB\proyecto_4\LIM010-fe-md-links\src\link.js
FN:8,(anonymous_0)
FN:10,(anonymous_1)
FN:10,(anonymous_2)
FN:13,(anonymous_3)
FN:23,(anonymous_4)
FNF:5
FNH:5
FNDA:2,(anonymous_0)
FNDA:6,(anonymous_1)
FNDA:6,(anonymous_2)
FNDA:4,(anonymous_3)
FNDA:2,(anonymous_4)
DA:8,2
DA:9,2
DA:10,6
DA:11,6
DA:12,6
DA:14,4
DA:15,2
DA:16,2
DA:18,2
DA:19,2
DA:21,4
DA:24,2
DA:25,2
DA:26,2
DA:29,2
LF:15
LH:15
BRDA:14,0,0,2
BRDA:14,0,1,2
BRDA:14,1,0,4
BRDA:14,1,1,4
BRF:4
BRH:4
end_of_record
TN:
SF:E:\PROYECT_DE_LAB\proyecto_4\LIM010-fe-md-links\src\md-links.js
FN:7,(anonymous_0)
FN:7,(anonymous_1)
FNF:2
FNH:2
FNDA:3,(anonymous_0)
FNDA:3,(anonymous_1)
DA:7,3
DA:8,3
DA:9,2
DA:10,1
DA:12,1
DA:15,1
LF:6
LH:6
BRDA:8,0,0,2
BRDA:8,0,1,1
BRDA:9,1,0,1
BRDA:9,1,1,1
BRF:4
BRH:4
end_of_record
TN:
SF:E:\PROYECT_DE_LAB\proyecto_4\LIM010-fe-md-links\src\route.js
FN:7,(anonymous_0)
FN:14,(anonymous_1)
FN:21,(anonymous_2)
FN:38,(anonymous_3)
FN:42,(anonymous_4)
FN:44,(anonymous_5)
FNF:6
FNH:6
FNDA:23,(anonymous_0)
FNDA:24,(anonymous_1)
FNDA:22,(anonymous_2)
FNDA:4,(anonymous_3)
FNDA:4,(anonymous_4)
FNDA:12,(anonymous_5)
DA:7,3
DA:8,23
DA:9,1
DA:10,1
DA:12,22
DA:14,3
DA:15,24
DA:16,16
DA:18,8
DA:21,3
DA:22,22
DA:23,22
DA:24,22
DA:25,15
DA:26,8
DA:29,7
DA:30,7
DA:31,17
DA:32,17
DA:35,22
DA:38,3
DA:39,4
DA:40,4
DA:41,4
DA:42,4
DA:43,4
DA:44,4
DA:45,12
DA:51,4
DA:53,4
LF:30
LH:30
BRDA:8,0,0,1
BRDA:8,0,1,22
BRDA:15,1,0,16
BRDA:15,1,1,8
BRDA:24,2,0,15
BRDA:24,2,1,7
BRDA:25,3,0,8
BRDA:25,3,1,7
BRF:8
BRH:8
end_of_record
TN:
SF:E:\PROYECT_DE_LAB\proyecto_4\LIM010-fe-md-links\src\stats.js
FN:43,(anonymous_0)
FN:44,(anonymous_1)
FN:49,(anonymous_2)
FN:51,(anonymous_3)
FNF:4
FNH:4
FNDA:1,(anonymous_0)
FNDA:4,(anonymous_1)
FNDA:1,(anonymous_2)
FNDA:4,(anonymous_3)
DA:7,1
DA:43,1
DA:44,1
DA:45,4
DA:47,1
DA:49,1
DA:50,1
DA:51,1
DA:52,4
DA:53,1
DA:55,4
DA:57,1
LF:12
LH:12
BRDA:52,0,0,1
BRDA:52,0,1,3
BRF:2
BRH:2
end_of_record
